<?xml version="1.0" encoding="UTF-8"?>
<testng-results skipped="0" failed="1" ignored="0" total="21" passed="20">
  <reporter-output>
  </reporter-output>
  <suite name="rest-assured-demo" duration-ms="12831" started-at="2019-09-05T10:38:10Z" finished-at="2019-09-05T10:38:23Z">
    <groups>
    </groups>
    <test name="接口测试" duration-ms="12831" started-at="2019-09-05T10:38:10Z" finished-at="2019-09-05T10:38:23Z">
      <class name="wework.contact.DepartmentTest">
        <test-method status="PASS" signature="setUp()[pri:0, instance:wework.contact.DepartmentTest@5a8ba37c]" name="setUp" is-config="true" duration-ms="1172" started-at="2019-09-05T10:38:14Z" finished-at="2019-09-05T10:38:15Z">
          <reporter-output>
          </reporter-output>
        </test-method> <!-- setUp -->
        <test-method status="PASS" signature="create()[pri:0, instance:wework.contact.DepartmentTest@5a8ba37c]" name="create" duration-ms="343" started-at="2019-09-05T10:38:15Z" finished-at="2019-09-05T10:38:16Z">
          <reporter-output>
          </reporter-output>
        </test-method> <!-- create -->
        <test-method status="PASS" signature="setUp()[pri:0, instance:wework.contact.DepartmentTest@5a8ba37c]" name="setUp" is-config="true" duration-ms="1" started-at="2019-09-05T10:38:16Z" finished-at="2019-09-05T10:38:16Z">
          <reporter-output>
          </reporter-output>
        </test-method> <!-- setUp -->
        <test-method status="PASS" signature="createByMap()[pri:0, instance:wework.contact.DepartmentTest@5a8ba37c]" name="createByMap" duration-ms="193" started-at="2019-09-05T10:38:16Z" finished-at="2019-09-05T10:38:16Z">
          <reporter-output>
          </reporter-output>
        </test-method> <!-- createByMap -->
        <test-method status="PASS" signature="createWithChinese()[pri:0, instance:wework.contact.DepartmentTest@5a8ba37c]" name="createWithChinese" duration-ms="158" started-at="2019-09-05T10:38:16Z" finished-at="2019-09-05T10:38:16Z">
          <reporter-output>
          </reporter-output>
        </test-method> <!-- createWithChinese -->
        <test-method status="PASS" signature="setUp()[pri:0, instance:wework.contact.DepartmentTest@5a8ba37c]" name="setUp" is-config="true" duration-ms="0" started-at="2019-09-05T10:38:16Z" finished-at="2019-09-05T10:38:16Z">
          <reporter-output>
          </reporter-output>
        </test-method> <!-- setUp -->
        <test-method status="PASS" signature="setUp()[pri:0, instance:wework.contact.DepartmentTest@5a8ba37c]" name="setUp" is-config="true" duration-ms="1" started-at="2019-09-05T10:38:16Z" finished-at="2019-09-05T10:38:16Z">
          <reporter-output>
          </reporter-output>
        </test-method> <!-- setUp -->
        <test-method status="PASS" signature="createWithDup(java.lang.String, java.lang.Integer)[pri:0, instance:wework.contact.DepartmentTest@5a8ba37c]" name="createWithDup" duration-ms="370" started-at="2019-09-05T10:38:16Z" data-provider="dataProvider" finished-at="2019-09-05T10:38:16Z">
          <params>
            <param index="0">
              <value>
                <![CDATA[dump1_]]>
              </value>
            </param>
            <param index="1">
              <value>
                <![CDATA[60008]]>
              </value>
            </param>
          </params>
          <reporter-output>
          </reporter-output>
        </test-method> <!-- createWithDup -->
        <test-method status="PASS" signature="createWithDup(java.lang.String, java.lang.Integer)[pri:0, instance:wework.contact.DepartmentTest@5a8ba37c]" name="createWithDup" duration-ms="339" started-at="2019-09-05T10:38:16Z" data-provider="dataProvider" finished-at="2019-09-05T10:38:17Z">
          <params>
            <param index="0">
              <value>
                <![CDATA[dump2_]]>
              </value>
            </param>
            <param index="1">
              <value>
                <![CDATA[60008]]>
              </value>
            </param>
          </params>
          <reporter-output>
          </reporter-output>
        </test-method> <!-- createWithDup -->
        <test-method status="PASS" signature="setUp()[pri:0, instance:wework.contact.DepartmentTest@5a8ba37c]" name="setUp" is-config="true" duration-ms="0" started-at="2019-09-05T10:38:16Z" finished-at="2019-09-05T10:38:16Z">
          <reporter-output>
          </reporter-output>
        </test-method> <!-- setUp -->
        <test-method status="PASS" signature="setUp()[pri:0, instance:wework.contact.DepartmentTest@5a8ba37c]" name="setUp" is-config="true" duration-ms="1" started-at="2019-09-05T10:38:17Z" finished-at="2019-09-05T10:38:17Z">
          <reporter-output>
          </reporter-output>
        </test-method> <!-- setUp -->
        <test-method status="PASS" signature="createWithDup(java.lang.String, java.lang.Integer)[pri:0, instance:wework.contact.DepartmentTest@5a8ba37c]" name="createWithDup" duration-ms="354" started-at="2019-09-05T10:38:17Z" data-provider="dataProvider" finished-at="2019-09-05T10:38:17Z">
          <params>
            <param index="0">
              <value>
                <![CDATA[dump3_]]>
              </value>
            </param>
            <param index="1">
              <value>
                <![CDATA[60008]]>
              </value>
            </param>
          </params>
          <reporter-output>
          </reporter-output>
        </test-method> <!-- createWithDup -->
        <test-method status="PASS" signature="delete()[pri:0, instance:wework.contact.DepartmentTest@5a8ba37c]" name="delete" duration-ms="474" started-at="2019-09-05T10:38:17Z" finished-at="2019-09-05T10:38:17Z">
          <reporter-output>
          </reporter-output>
        </test-method> <!-- delete -->
        <test-method status="PASS" signature="setUp()[pri:0, instance:wework.contact.DepartmentTest@5a8ba37c]" name="setUp" is-config="true" duration-ms="0" started-at="2019-09-05T10:38:17Z" finished-at="2019-09-05T10:38:17Z">
          <reporter-output>
          </reporter-output>
        </test-method> <!-- setUp -->
        <test-method status="PASS" signature="setUp()[pri:0, instance:wework.contact.DepartmentTest@5a8ba37c]" name="setUp" is-config="true" duration-ms="1" started-at="2019-09-05T10:38:17Z" finished-at="2019-09-05T10:38:17Z">
          <reporter-output>
          </reporter-output>
        </test-method> <!-- setUp -->
        <test-method status="PASS" signature="deleteAll()[pri:0, instance:wework.contact.DepartmentTest@5a8ba37c]" name="deleteAll" duration-ms="1784" started-at="2019-09-05T10:38:17Z" finished-at="2019-09-05T10:38:19Z">
          <reporter-output>
          </reporter-output>
        </test-method> <!-- deleteAll -->
        <test-method status="PASS" signature="list()[pri:0, instance:wework.contact.DepartmentTest@5a8ba37c]" name="list" duration-ms="210" started-at="2019-09-05T10:38:19Z" finished-at="2019-09-05T10:38:19Z">
          <reporter-output>
          </reporter-output>
        </test-method> <!-- list -->
        <test-method status="PASS" signature="setUp()[pri:0, instance:wework.contact.DepartmentTest@5a8ba37c]" name="setUp" is-config="true" duration-ms="0" started-at="2019-09-05T10:38:19Z" finished-at="2019-09-05T10:38:19Z">
          <reporter-output>
          </reporter-output>
        </test-method> <!-- setUp -->
        <test-method status="PASS" signature="update()[pri:0, instance:wework.contact.DepartmentTest@5a8ba37c]" name="update" duration-ms="718" started-at="2019-09-05T10:38:19Z" finished-at="2019-09-05T10:38:20Z">
          <reporter-output>
          </reporter-output>
        </test-method> <!-- update -->
        <test-method status="PASS" signature="setUp()[pri:0, instance:wework.contact.DepartmentTest@5a8ba37c]" name="setUp" is-config="true" duration-ms="0" started-at="2019-09-05T10:38:19Z" finished-at="2019-09-05T10:38:19Z">
          <reporter-output>
          </reporter-output>
        </test-method> <!-- setUp -->
      </class> <!-- wework.contact.DepartmentTest -->
      <class name="Baidu">
        <test-method status="PASS" signature="testGetHtml()[pri:0, instance:Baidu@6e106680]" name="testGetHtml" duration-ms="2047" started-at="2019-09-05T10:38:10Z" finished-at="2019-09-05T10:38:12Z">
          <reporter-output>
          </reporter-output>
        </test-method> <!-- testGetHtml -->
        <test-method status="PASS" signature="testMp3()[pri:0, instance:Baidu@6e106680]" name="testMp3" duration-ms="708" started-at="2019-09-05T10:38:12Z" finished-at="2019-09-05T10:38:13Z">
          <reporter-output>
          </reporter-output>
        </test-method> <!-- testMp3 -->
      </class> <!-- Baidu -->
      <class name="TestGetToken">
        <test-method status="PASS" signature="testToken()[pri:0, instance:TestGetToken@576c5536]" name="testToken" duration-ms="1076" started-at="2019-09-05T10:38:13Z" finished-at="2019-09-05T10:38:14Z">
          <reporter-output>
          </reporter-output>
        </test-method> <!-- testToken -->
      </class> <!-- TestGetToken -->
      <class name="wework.contact.MemberTest">
        <test-method status="PASS" signature="setUp()[pri:0, instance:wework.contact.MemberTest@37c2eacb]" name="setUp" is-config="true" duration-ms="1" started-at="2019-09-05T10:38:20Z" finished-at="2019-09-05T10:38:20Z">
          <reporter-output>
          </reporter-output>
        </test-method> <!-- setUp -->
        <test-method status="PASS" signature="get()[pri:0, instance:wework.contact.MemberTest@37c2eacb]" name="get" duration-ms="422" started-at="2019-09-05T10:38:20Z" finished-at="2019-09-05T10:38:21Z">
          <reporter-output>
          </reporter-output>
        </test-method> <!-- get -->
        <test-method status="PASS" signature="memberCreate(java.lang.String)[pri:0, instance:wework.contact.MemberTest@37c2eacb]" name="memberCreate" duration-ms="366" started-at="2019-09-05T10:38:21Z" data-provider="dataProvider" finished-at="2019-09-05T10:38:21Z">
          <params>
            <param index="0">
              <value>
                <![CDATA[hjp_]]>
              </value>
            </param>
          </params>
          <reporter-output>
          </reporter-output>
        </test-method> <!-- memberCreate -->
        <test-method status="PASS" signature="memberCreate(java.lang.String)[pri:0, instance:wework.contact.MemberTest@37c2eacb]" name="memberCreate" duration-ms="340" started-at="2019-09-05T10:38:21Z" data-provider="dataProvider" finished-at="2019-09-05T10:38:21Z">
          <params>
            <param index="0">
              <value>
                <![CDATA[zp_]]>
              </value>
            </param>
          </params>
          <reporter-output>
          </reporter-output>
        </test-method> <!-- memberCreate -->
        <test-method status="PASS" signature="memberCreate(java.lang.String)[pri:0, instance:wework.contact.MemberTest@37c2eacb]" name="memberCreate" duration-ms="409" started-at="2019-09-05T10:38:21Z" data-provider="dataProvider" finished-at="2019-09-05T10:38:22Z">
          <params>
            <param index="0">
              <value>
                <![CDATA[love_]]>
              </value>
            </param>
          </params>
          <reporter-output>
          </reporter-output>
        </test-method> <!-- memberCreate -->
        <test-method status="PASS" signature="memberCreateWithAlias(java.lang.String, java.lang.String)[pri:0, instance:wework.contact.MemberTest@37c2eacb]" name="memberCreateWithAlias" duration-ms="336" started-at="2019-09-05T10:38:22Z" data-provider="dataProvider" finished-at="2019-09-05T10:38:22Z">
          <params>
            <param index="0">
              <value>
                <![CDATA[a1_]]>
              </value>
            </param>
            <param index="1">
              <value>
                <![CDATA[hjp_alias_]]>
              </value>
            </param>
          </params>
          <reporter-output>
          </reporter-output>
        </test-method> <!-- memberCreateWithAlias -->
        <test-method status="PASS" signature="memberCreateWithAlias(java.lang.String, java.lang.String)[pri:0, instance:wework.contact.MemberTest@37c2eacb]" name="memberCreateWithAlias" duration-ms="306" started-at="2019-09-05T10:38:22Z" data-provider="dataProvider" finished-at="2019-09-05T10:38:22Z">
          <params>
            <param index="0">
              <value>
                <![CDATA[a2_]]>
              </value>
            </param>
            <param index="1">
              <value>
                <![CDATA[zp_alias_]]>
              </value>
            </param>
          </params>
          <reporter-output>
          </reporter-output>
        </test-method> <!-- memberCreateWithAlias -->
        <test-method status="PASS" signature="memberCreateWithAlias(java.lang.String, java.lang.String)[pri:0, instance:wework.contact.MemberTest@37c2eacb]" name="memberCreateWithAlias" duration-ms="338" started-at="2019-09-05T10:38:22Z" data-provider="dataProvider" finished-at="2019-09-05T10:38:23Z">
          <params>
            <param index="0">
              <value>
                <![CDATA[a3_]]>
              </value>
            </param>
            <param index="1">
              <value>
                <![CDATA[love_alias_]]>
              </value>
            </param>
          </params>
          <reporter-output>
          </reporter-output>
        </test-method> <!-- memberCreateWithAlias -->
      </class> <!-- wework.contact.MemberTest -->
      <class name="Xueqiu">
        <test-method status="FAIL" signature="testSearch()[pri:0, instance:Xueqiu@55ecbafe]" name="testSearch" duration-ms="283" started-at="2019-09-05T10:38:14Z" finished-at="2019-09-05T10:38:14Z">
          <exception class="java.lang.AssertionError">
            <message>
              <![CDATA[1 expectation failed.
Expected status code <200> but was <400>.
]]>
            </message>
            <full-stacktrace>
              <![CDATA[java.lang.AssertionError: 1 expectation failed.
Expected status code <200> but was <400>.

at sun.reflect.NativeConstructorAccessorImpl.newInstance0(Native Method)
at sun.reflect.NativeConstructorAccessorImpl.newInstance(NativeConstructorAccessorImpl.java:62)
at sun.reflect.DelegatingConstructorAccessorImpl.newInstance(DelegatingConstructorAccessorImpl.java:45)
at java.lang.reflect.Constructor.newInstance(Constructor.java:423)
at org.codehaus.groovy.reflection.CachedConstructor.invoke(CachedConstructor.java:83)
at org.codehaus.groovy.reflection.CachedConstructor.doConstructorInvoke(CachedConstructor.java:77)
at org.codehaus.groovy.runtime.callsite.ConstructorSite$ConstructorSiteNoUnwrap.callConstructor(ConstructorSite.java:84)
at org.codehaus.groovy.runtime.callsite.CallSiteArray.defaultCallConstructor(CallSiteArray.java:59)
at org.codehaus.groovy.runtime.callsite.AbstractCallSite.callConstructor(AbstractCallSite.java:238)
at org.codehaus.groovy.runtime.callsite.AbstractCallSite.callConstructor(AbstractCallSite.java:250)
at io.restassured.internal.ResponseSpecificationImpl$HamcrestAssertionClosure.validate(ResponseSpecificationImpl.groovy:494)
at io.restassured.internal.ResponseSpecificationImpl$HamcrestAssertionClosure$validate$1.call(Unknown Source)
at io.restassured.internal.ResponseSpecificationImpl.validateResponseIfRequired(ResponseSpecificationImpl.groovy:656)
at sun.reflect.NativeMethodAccessorImpl.invoke0(Native Method)
at sun.reflect.NativeMethodAccessorImpl.invoke(NativeMethodAccessorImpl.java:62)
at sun.reflect.DelegatingMethodAccessorImpl.invoke(DelegatingMethodAccessorImpl.java:43)
at java.lang.reflect.Method.invoke(Method.java:498)
at org.codehaus.groovy.runtime.callsite.PogoMetaMethodSite$PogoCachedMethodSiteNoUnwrapNoCoerce.invoke(PogoMetaMethodSite.java:210)
at org.codehaus.groovy.runtime.callsite.PogoMetaMethodSite.callCurrent(PogoMetaMethodSite.java:59)
at org.codehaus.groovy.runtime.callsite.AbstractCallSite.callCurrent(AbstractCallSite.java:169)
at io.restassured.internal.ResponseSpecificationImpl.statusCode(ResponseSpecificationImpl.groovy:125)
at io.restassured.specification.ResponseSpecification$statusCode$0.callCurrent(Unknown Source)
at io.restassured.internal.ResponseSpecificationImpl.statusCode(ResponseSpecificationImpl.groovy:133)
at io.restassured.internal.ValidatableResponseOptionsImpl.statusCode(ValidatableResponseOptionsImpl.java:119)
at Xueqiu.testSearch(Xueqiu.java:26)
at sun.reflect.NativeMethodAccessorImpl.invoke0(Native Method)
at sun.reflect.NativeMethodAccessorImpl.invoke(NativeMethodAccessorImpl.java:62)
at sun.reflect.DelegatingMethodAccessorImpl.invoke(DelegatingMethodAccessorImpl.java:43)
at java.lang.reflect.Method.invoke(Method.java:498)
at org.testng.internal.MethodInvocationHelper.invokeMethod(MethodInvocationHelper.java:124)
at org.testng.internal.Invoker.invokeMethod(Invoker.java:583)
at org.testng.internal.Invoker.invokeTestMethod(Invoker.java:719)
at org.testng.internal.Invoker.invokeTestMethods(Invoker.java:989)
at org.testng.internal.TestMethodWorker.invokeTestMethods(TestMethodWorker.java:125)
at org.testng.internal.TestMethodWorker.run(TestMethodWorker.java:109)
at org.testng.TestRunner.privateRun(TestRunner.java:648)
at org.testng.TestRunner.run(TestRunner.java:505)
at org.testng.SuiteRunner.runTest(SuiteRunner.java:455)
at org.testng.SuiteRunner.runSequentially(SuiteRunner.java:450)
at org.testng.SuiteRunner.privateRun(SuiteRunner.java:415)
at org.testng.SuiteRunner.run(SuiteRunner.java:364)
at org.testng.SuiteRunnerWorker.runSuite(SuiteRunnerWorker.java:52)
at org.testng.SuiteRunnerWorker.run(SuiteRunnerWorker.java:84)
at org.testng.TestNG.runSuitesSequentially(TestNG.java:1208)
at org.testng.TestNG.runSuitesLocally(TestNG.java:1137)
at org.testng.TestNG.runSuites(TestNG.java:1049)
at org.testng.TestNG.run(TestNG.java:1017)
at org.apache.maven.surefire.testng.TestNGExecutor.run(TestNGExecutor.java:283)
at org.apache.maven.surefire.testng.TestNGXmlTestSuite.execute(TestNGXmlTestSuite.java:75)
at org.apache.maven.surefire.testng.TestNGProvider.invoke(TestNGProvider.java:120)
at org.apache.maven.surefire.booter.ForkedBooter.invokeProviderInSameClassLoader(ForkedBooter.java:386)
at org.apache.maven.surefire.booter.ForkedBooter.runSuitesInProcess(ForkedBooter.java:323)
at org.apache.maven.surefire.booter.ForkedBooter.main(ForkedBooter.java:143)
]]>
            </full-stacktrace>
          </exception> <!-- java.lang.AssertionError -->
          <reporter-output>
          </reporter-output>
        </test-method> <!-- testSearch -->
      </class> <!-- Xueqiu -->
    </test> <!-- 接口测试 -->
  </suite> <!-- rest-assured-demo -->
</testng-results>
