<?xml version="1.0" encoding="UTF-8"?>
<testsuite xmlns:xsi="http://www.w3.org/2001/XMLSchema-instance" xsi:noNamespaceSchemaLocation="https://maven.apache.org/surefire/maven-surefire-plugin/xsd/surefire-test-report.xsd" name="TestSuite" time="13.335" tests="21" errors="0" skipped="0" failures="1">
  <properties>
[...]
</properties>
  <testcase name="testGetHtml" classname="Baidu" time="2.044"/>
  <testcase name="testMp3" classname="Baidu" time="1.478"/>
  <testcase name="testToken" classname="TestGetToken" time="0.305"/>
  <testcase name="testSearch" classname="Xueqiu" time="0.309">
    <failure message="1 expectation failed.&#10;Expected status code &lt;200&gt; but was &lt;400&gt;.&#10;" type="java.lang.AssertionError"><![CDATA[java.lang.AssertionError: 
1 expectation failed.
Expected status code <200> but was <400>.

	at Xueqiu.testSearch(Xueqiu.java:26)
]]></failure>
    <system-out><![CDATA[Request method:	GET
Request URI:	https://xueqiu.com/stock/search.json?code=sogo
Proxy:			<none>
Request params:	<none>
Query params:	code=sogo
Form params:	<none>
Path params:	<none>
Headers:		Cookie=aliyungf_tc=AQAAAI0f7QOB3gkAD1vsc/k2+728NllT; s=br1awx45pc; xq_a_token=a372422d9868382896fce9d09a2dc00226e07c79; xq_r_token=274f931308c1541849da32315243b9f5bef6965d; u=111562133316694; Hm_lvt_1db88642e346389874251b5a1eded6e3=1562133317; Hm_lpvt_1db88642e346389874251b5a1eded6e3=1562133317; device_id=4a0dfbe58f7cbf2576d61626a9aa01c1
				Accept=*/*
Cookies:		<none>
Multiparts:		<none>
Body:			<none>
HTTP/1.1 400 Bad Request
Date: Thu, 05 Sep 2019 10:38:14 GMT
Content-Type: application/json;charset=UTF-8
Content-Length: 142
Connection: keep-alive
Set-Cookie: acw_tc=2760828c15676798944277136e3d1a8d809f686ee7efa9705982301f64d25c;path=/;HttpOnly;Max-Age=2678401
Server: openresty/1.11.2.4
Trace-Id: d0f2b8880fc481fb
Cache-Control: private, no-store, no-cache, must-revalidate, max-age=0
P3P: "CP="IDC DSP COR ADM DEVi TAIi PSA PSD IVAi IVDi CONi HIS OUR IND CNT""
Strict-Transport-Security: max-age=31536000

{
    "error_description": "遇到错误，请刷新页面或者重新登录帐号后再试",
    "error_uri": "/stock/search.json",
    "error_code": "400016"
}
]]></system-out>
  </testcase>
  <testcase name="create" classname="wework.contact.DepartmentTest" time="0.345"/>
  <testcase name="createByMap" classname="wework.contact.DepartmentTest" time="0.192"/>
  <testcase name="createWithChinese" classname="wework.contact.DepartmentTest" time="0.159"/>
  <testcase name="createWithDup" classname="wework.contact.DepartmentTest" time="0.371"/>
  <testcase name="createWithDup" classname="wework.contact.DepartmentTest" time="0.339"/>
  <testcase name="createWithDup" classname="wework.contact.DepartmentTest" time="0.355"/>
  <testcase name="delete" classname="wework.contact.DepartmentTest" time="0.474"/>
  <testcase name="deleteAll" classname="wework.contact.DepartmentTest" time="1.784"/>
  <testcase name="list" classname="wework.contact.DepartmentTest" time="0.217"/>
  <testcase name="update" classname="wework.contact.DepartmentTest" time="0.713"/>
  <testcase name="get" classname="wework.contact.MemberTest" time="0.423"/>
  <testcase name="memberCreate" classname="wework.contact.MemberTest" time="0.365"/>
  <testcase name="memberCreate" classname="wework.contact.MemberTest" time="0.341"/>
  <testcase name="memberCreate" classname="wework.contact.MemberTest" time="0.409"/>
  <testcase name="memberCreateWithAlias" classname="wework.contact.MemberTest" time="0.336"/>
  <testcase name="memberCreateWithAlias" classname="wework.contact.MemberTest" time="0.306"/>
  <testcase name="memberCreateWithAlias" classname="wework.contact.MemberTest" time="0.339"/>
</testsuite>